build/app/intermediates/manifest_merge_blame_file/debug/manifest-merger-blame-debug-report.txt
1<?xml version="1.0" encoding="utf-8"?>
2<manifest xmlns:android="http://schemas.android.com/apk/res/android"
3    package="com.example.untitled1"
4    android:versionCode="1"
5    android:versionName="1.0.0" >
6
7    <uses-sdk
8        android:minSdkVersion="21"
9        android:targetSdkVersion="33" />
10    <!--
11         The INTERNET permission is required for development. Specifically,
12         the Flutter tool needs it to communicate with the running application
13         to allow setting breakpoints, to provide hot reload, etc.
14    -->
15    <uses-permission android:name="android.permission.INTERNET" />
15-->src/main/AndroidManifest.xml:3:5-66
15-->src/main/AndroidManifest.xml:3:22-64
16    <!-- 相机和录制权限 -->
17    <uses-permission android:name="android.permission.CAMERA" />
17-->src/main/AndroidManifest.xml:6:5-64
17-->src/main/AndroidManifest.xml:6:22-62
18    <uses-permission android:name="android.permission.RECORD_AUDIO" />
18-->src/main/AndroidManifest.xml:7:5-70
18-->src/main/AndroidManifest.xml:7:22-68
19    <uses-permission android:name="android.permission.FOREGROUND_SERVICE" />
19-->src/main/AndroidManifest.xml:8:5-76
19-->src/main/AndroidManifest.xml:8:22-74
20    <uses-permission android:name="android.permission.FOREGROUND_SERVICE_CAMERA" />
20-->src/main/AndroidManifest.xml:9:5-83
20-->src/main/AndroidManifest.xml:9:22-81
21    <uses-permission android:name="android.permission.FOREGROUND_SERVICE_MICROPHONE" /> <!-- 存储权限 -->
21-->src/main/AndroidManifest.xml:10:5-87
21-->src/main/AndroidManifest.xml:10:22-85
22    <uses-permission android:name="android.permission.WRITE_EXTERNAL_STORAGE" />
22-->src/main/AndroidManifest.xml:13:5-80
22-->src/main/AndroidManifest.xml:13:22-78
23    <uses-permission
23-->src/main/AndroidManifest.xml:14:5-79
24        android:name="android.permission.READ_EXTERNAL_STORAGE"
24-->src/main/AndroidManifest.xml:14:22-77
25        android:maxSdkVersion="32" /> <!-- Android 11+ (API 30+) 管理外部存储权限 -->
25-->[:open_filex] AndroidManifest.xml:12:9-35
26    <uses-permission android:name="android.permission.MANAGE_EXTERNAL_STORAGE" /> <!-- Android 13+ 照片/视频权限 -->
26-->src/main/AndroidManifest.xml:17:5-81
26-->src/main/AndroidManifest.xml:17:22-79
27    <uses-permission android:name="android.permission.READ_MEDIA_VIDEO" />
27-->src/main/AndroidManifest.xml:20:5-74
27-->src/main/AndroidManifest.xml:20:22-72
28    <uses-permission android:name="android.permission.READ_MEDIA_IMAGES" /> <!-- 通知权限 -->
28-->src/main/AndroidManifest.xml:21:5-75
28-->src/main/AndroidManifest.xml:21:22-73
29    <uses-permission android:name="android.permission.POST_NOTIFICATIONS" />
29-->src/main/AndroidManifest.xml:24:5-76
29-->src/main/AndroidManifest.xml:24:22-74
30    <uses-permission android:name="android.permission.ACCESS_NETWORK_STATE" />
30-->[:network_info_plus] AndroidManifest.xml:9:5-79
30-->[:network_info_plus] AndroidManifest.xml:9:22-76
31    <uses-permission android:name="android.permission.ACCESS_WIFI_STATE" />
31-->[:network_info_plus] AndroidManifest.xml:10:5-76
31-->[:network_info_plus] AndroidManifest.xml:10:22-73
32    <uses-permission android:name="android.permission.USE_BIOMETRIC" />
32-->[:local_auth_android] AndroidManifest.xml:9:5-72
32-->[:local_auth_android] AndroidManifest.xml:9:22-69
33    <uses-permission android:name="android.permission.READ_MEDIA_AUDIO" /> <!-- suppress DeprecatedClassUsageInspection -->
33-->[:open_filex] AndroidManifest.xml:15:5-75
33-->[:open_filex] AndroidManifest.xml:15:22-72
34    <uses-permission android:name="android.permission.USE_FINGERPRINT" />
34-->[androidx.biometric:biometric:1.1.0] AndroidManifest.xml:27:5-74
34-->[androidx.biometric:biometric:1.1.0] AndroidManifest.xml:27:22-71
35
36    <permission
36-->[androidx.core:core:1.10.1] AndroidManifest.xml:22:5-24:47
37        android:name="com.example.untitled1.DYNAMIC_RECEIVER_NOT_EXPORTED_PERMISSION"
37-->[androidx.core:core:1.10.1] AndroidManifest.xml:23:9-81
38        android:protectionLevel="signature" />
38-->[androidx.core:core:1.10.1] AndroidManifest.xml:24:9-44
39
40    <uses-permission android:name="com.example.untitled1.DYNAMIC_RECEIVER_NOT_EXPORTED_PERMISSION" />
40-->[androidx.core:core:1.10.1] AndroidManifest.xml:26:5-97
40-->[androidx.core:core:1.10.1] AndroidManifest.xml:26:22-94
41
42    <application
43        android:name="io.flutter.app.FlutterMultiDexApplication"
44        android:appComponentFactory="androidx.core.app.CoreComponentFactory"
44-->[androidx.core:core:1.10.1] AndroidManifest.xml:28:18-86
45        android:debuggable="true"
46        android:icon="@mipmap/ic_launcher"
47        android:label="untitled1"
48        android:preserveLegacyExternalStorage="true"
49        android:requestLegacyExternalStorage="true" >
50        <activity
51            android:name="com.example.untitled1.MainActivity"
52            android:configChanges="orientation|keyboardHidden|keyboard|screenSize|smallestScreenSize|locale|layoutDirection|fontScale|screenLayout|density|uiMode"
53            android:exported="true"
54            android:hardwareAccelerated="true"
55            android:launchMode="singleTop"
56            android:theme="@style/LaunchTheme"
57            android:windowSoftInputMode="adjustResize" >
58
59            <!--
60                 Specifies an Android theme to apply to this Activity as soon as
61                 the Android process has started. This theme is visible to the user
62                 while the Flutter UI initializes. After that, this theme continues
63                 to determine the Window background behind the Flutter UI.
64            -->
65            <meta-data
66                android:name="io.flutter.embedding.android.NormalTheme"
67                android:resource="@style/NormalTheme" />
68
69            <intent-filter>
70                <action android:name="android.intent.action.MAIN" />
71
72                <category android:name="android.intent.category.LAUNCHER" />
73            </intent-filter>
74        </activity>
75
76        <!-- 前台服务（用于后台录制） -->
77        <service
78            android:name="com.example.camera.ForegroundService"
79            android:enabled="true"
80            android:exported="false"
81            android:foregroundServiceType="camera|microphone" >
82        </service>
83        <!--
84             Don't delete the meta-data below.
85             This is used by the Flutter tool to generate GeneratedPluginRegistrant.java
86        -->
87        <meta-data
88            android:name="flutterEmbedding"
89            android:value="2" />
90
91        <activity
91-->[:url_launcher_android] AndroidManifest.xml:10:9-13:74
92            android:name="io.flutter.plugins.urllauncher.WebViewActivity"
92-->[:url_launcher_android] AndroidManifest.xml:11:13-74
93            android:exported="false"
93-->[:url_launcher_android] AndroidManifest.xml:12:13-37
94            android:theme="@android:style/Theme.NoTitleBar.Fullscreen" />
94-->[:url_launcher_android] AndroidManifest.xml:13:13-71
95
96        <provider
96-->[:open_filex] AndroidManifest.xml:18:9-27:20
97            android:name="com.crazecoder.openfile.FileProvider"
97-->[:open_filex] AndroidManifest.xml:19:13-64
98            android:authorities="com.example.untitled1.fileProvider.com.crazecoder.openfile"
98-->[:open_filex] AndroidManifest.xml:20:13-88
99            android:exported="false"
99-->[:open_filex] AndroidManifest.xml:21:13-37
100            android:grantUriPermissions="true" >
100-->[:open_filex] AndroidManifest.xml:22:13-47
101            <meta-data
101-->[:open_filex] AndroidManifest.xml:24:13-26:53
102                android:name="android.support.FILE_PROVIDER_PATHS"
102-->[:open_filex] AndroidManifest.xml:25:17-67
103                android:resource="@xml/filepaths" />
103-->[:open_filex] AndroidManifest.xml:26:17-50
104        </provider>
105        <!--
106           Declares a provider which allows us to store files to share in
107           '.../caches/share_plus' and grant the receiving action access
108        -->
109        <provider
109-->[:share_plus] AndroidManifest.xml:15:9-23:20
110            android:name="dev.fluttercommunity.plus.share.ShareFileProvider"
110-->[:share_plus] AndroidManifest.xml:16:13-77
111            android:authorities="com.example.untitled1.flutter.share_provider"
111-->[:share_plus] AndroidManifest.xml:17:13-74
112            android:exported="false"
112-->[:share_plus] AndroidManifest.xml:18:13-37
113            android:grantUriPermissions="true" >
113-->[:share_plus] AndroidManifest.xml:19:13-47
114            <meta-data
114-->[:open_filex] AndroidManifest.xml:24:13-26:53
115                android:name="android.support.FILE_PROVIDER_PATHS"
115-->[:open_filex] AndroidManifest.xml:25:17-67
116                android:resource="@xml/flutter_share_file_paths" />
116-->[:open_filex] AndroidManifest.xml:26:17-50
117        </provider>
118        <!--
119           This manifest declared broadcast receiver allows us to use an explicit
120           Intent when creating a PendingItent to be informed of the user's choice
121        -->
122        <receiver
122-->[:share_plus] AndroidManifest.xml:28:9-34:20
123            android:name="dev.fluttercommunity.plus.share.SharePlusPendingIntent"
123-->[:share_plus] AndroidManifest.xml:29:13-82
124            android:exported="false" >
124-->[:share_plus] AndroidManifest.xml:30:13-37
125            <intent-filter>
125-->[:share_plus] AndroidManifest.xml:31:13-33:29
126                <action android:name="EXTRA_CHOSEN_COMPONENT" />
126-->[:share_plus] AndroidManifest.xml:32:17-65
126-->[:share_plus] AndroidManifest.xml:32:25-62
127            </intent-filter>
128        </receiver>
129
130        <provider
130-->[androidx.emoji2:emoji2:1.2.0] AndroidManifest.xml:24:9-32:20
131            android:name="androidx.startup.InitializationProvider"
131-->[androidx.emoji2:emoji2:1.2.0] AndroidManifest.xml:25:13-67
132            android:authorities="com.example.untitled1.androidx-startup"
132-->[androidx.emoji2:emoji2:1.2.0] AndroidManifest.xml:26:13-68
133            android:exported="false" >
133-->[androidx.emoji2:emoji2:1.2.0] AndroidManifest.xml:27:13-37
134            <meta-data
134-->[androidx.emoji2:emoji2:1.2.0] AndroidManifest.xml:29:13-31:52
135                android:name="androidx.emoji2.text.EmojiCompatInitializer"
135-->[androidx.emoji2:emoji2:1.2.0] AndroidManifest.xml:30:17-75
136                android:value="androidx.startup" />
136-->[androidx.emoji2:emoji2:1.2.0] AndroidManifest.xml:31:17-49
137            <meta-data
137-->[androidx.lifecycle:lifecycle-process:2.6.1] AndroidManifest.xml:29:13-31:52
138                android:name="androidx.lifecycle.ProcessLifecycleInitializer"
138-->[androidx.lifecycle:lifecycle-process:2.6.1] AndroidManifest.xml:30:17-78
139                android:value="androidx.startup" />
139-->[androidx.lifecycle:lifecycle-process:2.6.1] AndroidManifest.xml:31:17-49
140            <meta-data
140-->[androidx.profileinstaller:profileinstaller:1.3.0] AndroidManifest.xml:29:13-31:52
141                android:name="androidx.profileinstaller.ProfileInstallerInitializer"
141-->[androidx.profileinstaller:profileinstaller:1.3.0] AndroidManifest.xml:30:17-85
142                android:value="androidx.startup" />
142-->[androidx.profileinstaller:profileinstaller:1.3.0] AndroidManifest.xml:31:17-49
143        </provider>
144
145        <uses-library
145-->[androidx.window:window:1.0.0-beta04] AndroidManifest.xml:25:9-27:40
146            android:name="androidx.window.extensions"
146-->[androidx.window:window:1.0.0-beta04] AndroidManifest.xml:26:13-54
147            android:required="false" />
147-->[androidx.window:window:1.0.0-beta04] AndroidManifest.xml:27:13-37
148        <uses-library
148-->[androidx.window:window:1.0.0-beta04] AndroidManifest.xml:28:9-30:40
149            android:name="androidx.window.sidecar"
149-->[androidx.window:window:1.0.0-beta04] AndroidManifest.xml:29:13-51
150            android:required="false" />
150-->[androidx.window:window:1.0.0-beta04] AndroidManifest.xml:30:13-37
151
152        <receiver
152-->[androidx.profileinstaller:profileinstaller:1.3.0] AndroidManifest.xml:34:9-52:20
153            android:name="androidx.profileinstaller.ProfileInstallReceiver"
153-->[androidx.profileinstaller:profileinstaller:1.3.0] AndroidManifest.xml:35:13-76
154            android:directBootAware="false"
154-->[androidx.profileinstaller:profileinstaller:1.3.0] AndroidManifest.xml:36:13-44
155            android:enabled="true"
155-->[androidx.profileinstaller:profileinstaller:1.3.0] AndroidManifest.xml:37:13-35
156            android:exported="true"
156-->[androidx.profileinstaller:profileinstaller:1.3.0] AndroidManifest.xml:38:13-36
157            android:permission="android.permission.DUMP" >
157-->[androidx.profileinstaller:profileinstaller:1.3.0] AndroidManifest.xml:39:13-57
158            <intent-filter>
158-->[androidx.profileinstaller:profileinstaller:1.3.0] AndroidManifest.xml:40:13-42:29
159                <action android:name="androidx.profileinstaller.action.INSTALL_PROFILE" />
159-->[androidx.profileinstaller:profileinstaller:1.3.0] AndroidManifest.xml:41:17-91
159-->[androidx.profileinstaller:profileinstaller:1.3.0] AndroidManifest.xml:41:25-88
160            </intent-filter>
161            <intent-filter>
161-->[androidx.profileinstaller:profileinstaller:1.3.0] AndroidManifest.xml:43:13-45:29
162                <action android:name="androidx.profileinstaller.action.SKIP_FILE" />
162-->[androidx.profileinstaller:profileinstaller:1.3.0] AndroidManifest.xml:44:17-85
162-->[androidx.profileinstaller:profileinstaller:1.3.0] AndroidManifest.xml:44:25-82
163            </intent-filter>
164            <intent-filter>
164-->[androidx.profileinstaller:profileinstaller:1.3.0] AndroidManifest.xml:46:13-48:29
165                <action android:name="androidx.profileinstaller.action.SAVE_PROFILE" />
165-->[androidx.profileinstaller:profileinstaller:1.3.0] AndroidManifest.xml:47:17-88
165-->[androidx.profileinstaller:profileinstaller:1.3.0] AndroidManifest.xml:47:25-85
166            </intent-filter>
167            <intent-filter>
167-->[androidx.profileinstaller:profileinstaller:1.3.0] AndroidManifest.xml:49:13-51:29
168                <action android:name="androidx.profileinstaller.action.BENCHMARK_OPERATION" />
168-->[androidx.profileinstaller:profileinstaller:1.3.0] AndroidManifest.xml:50:17-95
168-->[androidx.profileinstaller:profileinstaller:1.3.0] AndroidManifest.xml:50:25-92
169            </intent-filter>
170        </receiver>
171    </application>
172
173</manifest>